<?xml version="1.0" encoding="UTF-8"?><testsuite errors="0" failures="0" name="Testing different request on the restful booker app" skipped="0" tests="5" time="13.37" timestamp="2022-06-20T15:17:23.412+01:00[Europe/London]"><testcase name="Check if the restful booker app can be accessed by users"/><testcase name="Check if user can create id in booker list"/><testcase name="User verify if created id added to restful booker app"/><testcase name="User verify if created id Update to the restful booker app"/><testcase name="User verify if the created id is Delete from the application"/></testsuite>